PRT1
26
66
4 0 11 (1024 1024 -256 ) (1024 1024 2048 ) (1024 1536 2048 ) (1024 1536 -256 ) 
4 0 9 (1024 1024 -0.062866 ) (1024 1024 -256 ) (1536 1024 -256 ) (1536 1024 -0.062866 ) 
4 0 8 (1024 1024 512 ) (1024 1024 -0.062866 ) (1130 1024 -0.062866 ) (1130 1024 512 ) 
4 0 6 (1130 1024 -0.062866 ) (1174 1024 -0.062866 ) (1174 1024 512 ) (1130 1024 512 ) 
4 0 5 (1174 1024 -0.062866 ) (1386 1024 -0.062866 ) (1386 1024 512 ) (1174 1024 512 ) 
4 0 3 (1386 1024 -0.062866 ) (1430 1024 -0.062866 ) (1430 1024 512 ) (1386 1024 512 ) 
4 0 2 (1430 1024 -0.062866 ) (1536 1024 -0.062866 ) (1536 1024 512 ) (1430 1024 512 ) 
4 0 1 (1024 1024 2048 ) (1024 1024 512 ) (1536 1024 512 ) (1536 1024 2048 ) 
4 1 12 (1024 512 512 ) (1024 512 2048 ) (1024 1024 2048 ) (1024 1024 512 ) 
4 1 10 (1024 512 2048 ) (1024 512 512 ) (1536 512 512 ) (1536 512 2048 ) 
4 1 8 (1024 768 512 ) (1024 1024 512 ) (1130 1024 512 ) (1130 768 512 ) 
4 1 6 (1130 766 512 ) (1130 1024 512 ) (1174 1024 512 ) (1174 766 512 ) 
4 1 5 (1174 768 512 ) (1174 1024 512 ) (1386 1024 512 ) (1386 768 512 ) 
4 1 3 (1386 766 512 ) (1386 1024 512 ) (1430 1024 512 ) (1430 766 512 ) 
4 1 2 (1430 768 512 ) (1430 1024 512 ) (1536 1024 512 ) (1536 768 512 ) 
4 2 9 (1430 768 -0.062866 ) (1430 1024 -0.062866 ) (1536 1024 -0.062866 ) (1536 768 -0.062866 ) 
4 2 3 (1430 1024 -0.062866 ) (1430 768 -0.062866 ) (1430 768 512 ) (1430 1024 512 ) 
4 3 9 (1386 766 -0.062866 ) (1386 1024 -0.062866 ) (1430 1024 -0.062866 ) (1430 766 -0.062866 ) 
4 3 5 (1386 1024 -0.062866 ) (1386 768 -0.062866 ) (1386 768 512 ) (1386 1024 512 ) 
4 3 4 (1386 766 376 ) (1386 766 284 ) (1430 766 284 ) (1430 766 376 ) 
4 4 10 (1430 512 284 ) (1430 512 376 ) (1386 512 376 ) (1386 512 284 ) 
4 5 9 (1174 768 -0.062866 ) (1174 1024 -0.062866 ) (1386 1024 -0.062866 ) (1386 768 -0.062866 ) 
4 5 6 (1174 1024 -0.062866 ) (1174 768 -0.062866 ) (1174 768 512 ) (1174 1024 512 ) 
4 6 9 (1130 766 -0.062866 ) (1130 1024 -0.062866 ) (1174 1024 -0.062866 ) (1174 766 -0.062866 ) 
4 6 8 (1130 1024 -0.062866 ) (1130 768 -0.062866 ) (1130 768 512 ) (1130 1024 512 ) 
4 6 7 (1130 766 376 ) (1130 766 284 ) (1174 766 284 ) (1174 766 376 ) 
4 7 10 (1174 512 284 ) (1174 512 376 ) (1130 512 376 ) (1130 512 284 ) 
4 8 13 (1024 768 512 ) (1024 1024 512 ) (1024 1024 -0.062866 ) (1024 768 -0.062866 ) 
4 8 9 (1024 768 -0.062866 ) (1024 1024 -0.062866 ) (1130 1024 -0.062866 ) (1130 768 -0.062866 ) 
4 9 17 (1024 512 -256 ) (1024 512 -0.062866 ) (1024 1024 -0.062866 ) (1024 1024 -256 ) 
4 9 10 (1024 512 -0.062866 ) (1024 512 -256 ) (1536 512 -256 ) (1536 512 -0.062866 ) 
4 10 20 (1536 0 -256 ) (1536 0 2048 ) (1024 0 2048 ) (1024 0 -256 ) 
4 10 17 (1024 0 -256 ) (1024 0 -0.062866 ) (1024 512 -0.062866 ) (1024 512 -256 ) 
4 10 16 (1024 0 -0.062866 ) (1024 0 512 ) (1024 512 512 ) (1024 512 -0.062866 ) 
4 10 12 (1024 0 512 ) (1024 0 2048 ) (1024 512 2048 ) (1024 512 512 ) 
4 11 18 (0 1024 -256 ) (0 1024 2048 ) (0 1536 2048 ) (0 1536 -256 ) 
4 11 17 (1024 1024 -256 ) (1024 1024 -0.062866 ) (0 1024 -0.062866 ) (0 1024 -256 ) 
4 11 13 (1024 1024 -0.062866 ) (1024 1024 512 ) (0 1024 512 ) (0 1024 -0.062866 ) 
4 11 12 (1024 1024 512 ) (1024 1024 2048 ) (0 1024 2048 ) (0 1024 512 ) 
4 12 22 (1024 0 512 ) (1024 0 2048 ) (0 0 2048 ) (0 0 512 ) 
4 12 19 (0 0 512 ) (0 0 2048 ) (0 1024 2048 ) (0 1024 512 ) 
4 12 15 (768 512 512 ) (0 512 512 ) (0 768 512 ) (768 768 512 ) 
4 12 13 (1024 1024 512 ) (1024 768 512 ) (0 768 512 ) (0 1024 512 ) 
4 12 16 (1024 512 512 ) (1024 0 512 ) (0 0 512 ) (0 512 512 ) 
4 13 19 (0 768 512 ) (0 1024 512 ) (0 1024 -0.062866 ) (0 768 -0.062866 ) 
4 13 17 (0 768 -0.062866 ) (0 1024 -0.062866 ) (1024 1024 -0.062866 ) (1024 768 -0.062866 ) 
4 13 15 (0 768 -0.062866 ) (768 768 -0.062866 ) (768 768 512 ) (0 768 512 ) 
4 13 14 (918 768 284 ) (918 768 376 ) (874 768 376 ) (874 768 284 ) 
4 14 16 (918 512 284 ) (918 512 376 ) (874 512 376 ) (874 512 284 ) 
4 15 19 (0 512 512 ) (0 768 512 ) (0 768 -0.062866 ) (0 512 -0.062866 ) 
4 15 17 (0 512 -0.062866 ) (0 768 -0.062866 ) (768 768 -0.062866 ) (768 512 -0.062866 ) 
4 15 16 (0 512 -0.062866 ) (768 512 -0.062866 ) (768 512 512 ) (0 512 512 ) 
4 16 22 (1024 0 -0.062866 ) (1024 0 512 ) (0 0 512 ) (0 0 -0.062866 ) 
4 16 19 (0 0 -0.062866 ) (0 0 512 ) (0 512 512 ) (0 512 -0.062866 ) 
4 16 17 (1024 0 -0.062866 ) (0 0 -0.062866 ) (0 512 -0.062866 ) (1024 512 -0.062866 ) 
4 17 22 (1024 0 -256 ) (1024 0 -0.062866 ) (0 0 -0.062866 ) (0 0 -256 ) 
4 17 19 (0 0 -256 ) (0 0 -0.062866 ) (0 1024 -0.062866 ) (0 1024 -256 ) 
4 18 19 (0 1024 -256 ) (0 1024 2048 ) (-512 1024 2048 ) (-512 1024 -256 ) 
4 19 23 (0 0 -256 ) (0 0 2048 ) (-512 0 2048 ) (-512 0 -256 ) 
4 20 22 (1024 0 2048 ) (1024 0 -256 ) (1024 -1024 -256 ) (1024 -1024 2048 ) 
4 20 21 (1536 -1024 -256 ) (1536 -1024 2048 ) (1024 -1024 2048 ) (1024 -1024 -256 ) 
4 21 24 (1024 -1536 -256 ) (1024 -1536 2048 ) (1024 -1024 2048 ) (1024 -1024 -256 ) 
4 22 24 (1024 -1024 -256 ) (1024 -1024 2048 ) (0 -1024 2048 ) (0 -1024 -256 ) 
4 22 23 (0 0 2048 ) (0 0 -256 ) (0 -1024 -256 ) (0 -1024 2048 ) 
4 23 25 (0 -1024 -256 ) (0 -1024 2048 ) (-512 -1024 2048 ) (-512 -1024 -256 ) 
4 24 25 (0 -1024 2048 ) (0 -1024 -256 ) (0 -1536 -256 ) (0 -1536 2048 ) 
